2018-08-03 15:37:25 INFO  Log:12 - Test is Starting...
2018-08-03 15:37:32 INFO  Log:22 - Rdirected to site
2018-08-03 15:37:34 INFO  Log:22 - My Account link element found
2018-08-03 15:37:34 INFO  Log:22 - Clicked on the login button
2018-08-03 15:37:37 INFO  Log:17 - Test is Ending...
2018-08-03 15:40:20 INFO  Log:12 - Test is Starting...
2018-08-03 15:40:27 INFO  Log:22 - Rdirected to site
2018-08-03 15:40:28 INFO  Log:22 - My Account link element found
2018-08-03 15:40:28 INFO  Log:22 - Clicked on the login button
2018-08-03 15:40:30 INFO  Log:17 - Test is Ending...
2018-08-03 15:49:42 INFO  Log:12 - Test is Starting...
2018-08-03 15:50:15 INFO  Log:12 - Test is Starting...
2018-08-03 15:50:22 INFO  Log:22 - Rdirected to site
2018-08-03 15:50:23 INFO  Log:22 - My Account link element found
2018-08-03 15:50:23 INFO  Log:22 - Clicked on the login button
2018-08-03 15:50:26 INFO  Log:17 - Test is Ending...
2018-08-03 16:07:57 INFO  Log:12 - Test is Starting...
2018-08-03 16:08:58 INFO  Log:22 - Rdirected to site
2018-08-03 16:09:06 INFO  Log:22 - My Account link element found
2018-08-03 16:09:06 INFO  Log:22 - Clicked on the login button
2018-08-03 16:09:20 INFO  Log:17 - Test is Ending...
2018-08-03 16:29:22 INFO  Log:12 - Test is Starting...
2018-08-03 16:29:30 INFO  Log:22 - Rdirected to site
2018-08-03 16:29:31 INFO  Log:22 - My Account link element found
2018-08-03 16:29:31 INFO  Log:22 - Clicked on the login button
2018-08-03 16:29:40 INFO  Log:17 - Test is Ending...
2018-08-04 09:29:32 INFO  Log:12 - Test is Starting...
2018-08-04 09:29:45 INFO  Log:22 - Rdirected to site
2018-08-04 09:29:47 INFO  Log:22 - My Account link element found
2018-08-04 09:29:47 INFO  Log:22 - Clicked on the login button
2018-08-04 09:29:56 INFO  Log:17 - Test is Ending...
2018-08-04 09:36:55 INFO  Log:12 - Test is Starting...
2018-08-04 09:37:05 INFO  Log:22 - Rdirected to site
2018-08-04 09:37:08 INFO  Log:22 - My Account link element found
2018-08-04 09:37:08 INFO  Log:22 - Clicked on the login button
2018-08-04 09:37:15 INFO  Log:17 - Test is Ending...
2018-08-04 09:37:46 INFO  Log:12 - Test is Starting...
2018-08-04 09:37:57 INFO  Log:22 - Rdirected to site
2018-08-04 09:37:59 INFO  Log:22 - My Account link element found
2018-08-04 09:37:59 INFO  Log:22 - Clicked on the login button
2018-08-04 17:11:10 INFO  Log:12 - Test is Starting...
2018-08-04 17:11:22 INFO  Log:22 - Rdirected to site
2018-08-04 17:11:24 INFO  Log:22 - My Account link element found
2018-08-04 17:11:24 INFO  Log:22 - Clicked on the login button
